[0.766s] Invoking command in '/workspace/src/task01': PYTHONPATH=/workspace/build/task01/prefix_override:/usr/lib/python3/dist-packages/colcon_core/task/python/colcon_distutils_commands:/workspace/install/task01/lib/python3.10/site-packages:${PYTHONPATH} /usr/bin/python3 -W ignore:setup.py install is deprecated setup.py egg_info --egg-base ../../build/task01 build --build-base /workspace/build/task01/build install --record /workspace/build/task01/install.log --single-version-externally-managed install_data
[1.017s] running egg_info
[1.017s] writing ../../build/task01/task01.egg-info/PKG-INFO
[1.018s] writing dependency_links to ../../build/task01/task01.egg-info/dependency_links.txt
[1.018s] writing entry points to ../../build/task01/task01.egg-info/entry_points.txt
[1.018s] writing requirements to ../../build/task01/task01.egg-info/requires.txt
[1.018s] writing top-level names to ../../build/task01/task01.egg-info/top_level.txt
[1.020s] reading manifest file '../../build/task01/task01.egg-info/SOURCES.txt'
[1.028s] writing manifest file '../../build/task01/task01.egg-info/SOURCES.txt'
[1.028s] running build
[1.029s] running build_py
[1.029s] running install
[1.031s] running install_lib
[1.032s] running install_data
[1.033s] running install_egg_info
[1.035s] removing '/workspace/install/task01/lib/python3.10/site-packages/task01-0.0.0-py3.10.egg-info' (and everything under it)
[1.035s] Copying ../../build/task01/task01.egg-info to /workspace/install/task01/lib/python3.10/site-packages/task01-0.0.0-py3.10.egg-info
[1.037s] running install_scripts
[1.062s] Installing receiver script to /workspace/install/task01/lib/task01
[1.062s] writing list of installed files to '/workspace/build/task01/install.log'
[1.093s] Invoked command in '/workspace/src/task01' returned '0': PYTHONPATH=/workspace/build/task01/prefix_override:/usr/lib/python3/dist-packages/colcon_core/task/python/colcon_distutils_commands:/workspace/install/task01/lib/python3.10/site-packages:${PYTHONPATH} /usr/bin/python3 -W ignore:setup.py install is deprecated setup.py egg_info --egg-base ../../build/task01 build --build-base /workspace/build/task01/build install --record /workspace/build/task01/install.log --single-version-externally-managed install_data
