[0.417s] Invoking command in '/workspace/src/task01': PYTHONPATH=/workspace/build/task01/prefix_override:/usr/lib/python3/dist-packages/colcon_core/task/python/colcon_distutils_commands:/workspace/install/task01/lib/python3.10/site-packages:${PYTHONPATH} /usr/bin/python3 -W ignore:setup.py install is deprecated setup.py egg_info --egg-base ../../build/task01 build --build-base /workspace/build/task01/build install --record /workspace/build/task01/install.log --single-version-externally-managed install_data
[0.561s] running egg_info
[0.561s] creating ../../build/task01/task01.egg-info
[0.562s] writing ../../build/task01/task01.egg-info/PKG-INFO
[0.562s] writing dependency_links to ../../build/task01/task01.egg-info/dependency_links.txt
[0.562s] writing entry points to ../../build/task01/task01.egg-info/entry_points.txt
[0.562s] writing requirements to ../../build/task01/task01.egg-info/requires.txt
[0.562s] writing top-level names to ../../build/task01/task01.egg-info/top_level.txt
[0.562s] writing manifest file '../../build/task01/task01.egg-info/SOURCES.txt'
[0.563s] reading manifest file '../../build/task01/task01.egg-info/SOURCES.txt'
[0.564s] writing manifest file '../../build/task01/task01.egg-info/SOURCES.txt'
[0.564s] running build
[0.564s] running build_py
[0.564s] creating /workspace/build/task01/build
[0.565s] creating /workspace/build/task01/build/lib
[0.565s] creating /workspace/build/task01/build/lib/task01
[0.565s] copying task01/__init__.py -> /workspace/build/task01/build/lib/task01
[0.565s] copying task01/receiver.py -> /workspace/build/task01/build/lib/task01
[0.566s] copying task01/sender.py -> /workspace/build/task01/build/lib/task01
[0.566s] running install
[0.566s] running install_lib
[0.567s] creating /workspace/install/task01/lib/python3.10/site-packages/task01
[0.567s] copying /workspace/build/task01/build/lib/task01/__init__.py -> /workspace/install/task01/lib/python3.10/site-packages/task01
[0.567s] copying /workspace/build/task01/build/lib/task01/receiver.py -> /workspace/install/task01/lib/python3.10/site-packages/task01
[0.567s] copying /workspace/build/task01/build/lib/task01/sender.py -> /workspace/install/task01/lib/python3.10/site-packages/task01
[0.568s] byte-compiling /workspace/install/task01/lib/python3.10/site-packages/task01/__init__.py to __init__.cpython-310.pyc
[0.568s] byte-compiling /workspace/install/task01/lib/python3.10/site-packages/task01/receiver.py to receiver.cpython-310.pyc
[0.568s] byte-compiling /workspace/install/task01/lib/python3.10/site-packages/task01/sender.py to sender.cpython-310.pyc
[0.568s] running install_data
[0.568s] creating /workspace/install/task01/share/ament_index
[0.568s] creating /workspace/install/task01/share/ament_index/resource_index
[0.569s] creating /workspace/install/task01/share/ament_index/resource_index/packages
[0.569s] copying resource/task01 -> /workspace/install/task01/share/ament_index/resource_index/packages
[0.569s] copying package.xml -> /workspace/install/task01/share/task01
[0.569s] creating /workspace/install/task01/share/task01/launch
[0.569s] copying launch/task01.launch.xml -> /workspace/install/task01/share/task01/launch
[0.569s] running install_egg_info
[0.570s] Copying ../../build/task01/task01.egg-info to /workspace/install/task01/lib/python3.10/site-packages/task01-0.0.0-py3.10.egg-info
[0.570s] running install_scripts
[0.586s] Installing receiver script to /workspace/install/task01/lib/task01
[0.586s] Installing sender script to /workspace/install/task01/lib/task01
[0.587s] writing list of installed files to '/workspace/build/task01/install.log'
[0.610s] Invoked command in '/workspace/src/task01' returned '0': PYTHONPATH=/workspace/build/task01/prefix_override:/usr/lib/python3/dist-packages/colcon_core/task/python/colcon_distutils_commands:/workspace/install/task01/lib/python3.10/site-packages:${PYTHONPATH} /usr/bin/python3 -W ignore:setup.py install is deprecated setup.py egg_info --egg-base ../../build/task01 build --build-base /workspace/build/task01/build install --record /workspace/build/task01/install.log --single-version-externally-managed install_data
