[0.713s] Invoking command in '/workspace/src/task01': PYTHONPATH=/workspace/build/task01/prefix_override:/usr/lib/python3/dist-packages/colcon_core/task/python/colcon_distutils_commands:/workspace/install/task01/lib/python3.10/site-packages:${PYTHONPATH} /usr/bin/python3 -W ignore:setup.py install is deprecated setup.py egg_info --egg-base ../../build/task01 build --build-base /workspace/build/task01/build install --record /workspace/build/task01/install.log --single-version-externally-managed install_data
[0.969s] running egg_info
[0.970s] writing ../../build/task01/task01.egg-info/PKG-INFO
[0.970s] writing dependency_links to ../../build/task01/task01.egg-info/dependency_links.txt
[0.970s] writing entry points to ../../build/task01/task01.egg-info/entry_points.txt
[0.971s] writing requirements to ../../build/task01/task01.egg-info/requires.txt
[0.971s] writing top-level names to ../../build/task01/task01.egg-info/top_level.txt
[0.973s] reading manifest file '../../build/task01/task01.egg-info/SOURCES.txt'
[0.974s] writing manifest file '../../build/task01/task01.egg-info/SOURCES.txt'
[0.974s] running build
[0.974s] running build_py
[0.975s] running install
[0.976s] running install_lib
[0.978s] running install_data
[0.978s] running install_egg_info
[0.981s] removing '/workspace/install/task01/lib/python3.10/site-packages/task01-0.0.0-py3.10.egg-info' (and everything under it)
[0.981s] Copying ../../build/task01/task01.egg-info to /workspace/install/task01/lib/python3.10/site-packages/task01-0.0.0-py3.10.egg-info
[0.983s] running install_scripts
[1.011s] Installing receiver script to /workspace/install/task01/lib/task01
[1.011s] writing list of installed files to '/workspace/build/task01/install.log'
[1.067s] Invoked command in '/workspace/src/task01' returned '0': PYTHONPATH=/workspace/build/task01/prefix_override:/usr/lib/python3/dist-packages/colcon_core/task/python/colcon_distutils_commands:/workspace/install/task01/lib/python3.10/site-packages:${PYTHONPATH} /usr/bin/python3 -W ignore:setup.py install is deprecated setup.py egg_info --egg-base ../../build/task01 build --build-base /workspace/build/task01/build install --record /workspace/build/task01/install.log --single-version-externally-managed install_data
