[0.406s] Invoking command in '/workspace/src/task01': PYTHONPATH=/workspace/src/task01/build/task01/prefix_override:/usr/lib/python3/dist-packages/colcon_core/task/python/colcon_distutils_commands:/workspace/src/task01/install/task01/lib/python3.10/site-packages:${PYTHONPATH} /usr/bin/python3 -W ignore:setup.py install is deprecated setup.py egg_info --egg-base build/task01 build --build-base /workspace/src/task01/build/task01/build install --record /workspace/src/task01/build/task01/install.log --single-version-externally-managed install_data
[0.569s] running egg_info
[0.569s] creating build/task01/task01.egg-info
[0.569s] writing build/task01/task01.egg-info/PKG-INFO
[0.570s] writing dependency_links to build/task01/task01.egg-info/dependency_links.txt
[0.570s] writing entry points to build/task01/task01.egg-info/entry_points.txt
[0.570s] writing requirements to build/task01/task01.egg-info/requires.txt
[0.570s] writing top-level names to build/task01/task01.egg-info/top_level.txt
[0.571s] writing manifest file 'build/task01/task01.egg-info/SOURCES.txt'
[0.571s] reading manifest file 'build/task01/task01.egg-info/SOURCES.txt'
[0.572s] writing manifest file 'build/task01/task01.egg-info/SOURCES.txt'
[0.572s] running build
[0.572s] running build_py
[0.573s] creating /workspace/src/task01/build/task01/build
[0.573s] creating /workspace/src/task01/build/task01/build/lib
[0.573s] creating /workspace/src/task01/build/task01/build/lib/task01
[0.573s] copying task01/__init__.py -> /workspace/src/task01/build/task01/build/lib/task01
[0.573s] copying task01/receiver.py -> /workspace/src/task01/build/task01/build/lib/task01
[0.573s] running install
[0.574s] running install_lib
[0.574s] creating /workspace/src/task01/install/task01/lib/python3.10/site-packages/task01
[0.574s] copying /workspace/src/task01/build/task01/build/lib/task01/__init__.py -> /workspace/src/task01/install/task01/lib/python3.10/site-packages/task01
[0.574s] copying /workspace/src/task01/build/task01/build/lib/task01/receiver.py -> /workspace/src/task01/install/task01/lib/python3.10/site-packages/task01
[0.574s] byte-compiling /workspace/src/task01/install/task01/lib/python3.10/site-packages/task01/__init__.py to __init__.cpython-310.pyc
[0.575s] byte-compiling /workspace/src/task01/install/task01/lib/python3.10/site-packages/task01/receiver.py to receiver.cpython-310.pyc
[0.575s] running install_data
[0.575s] creating /workspace/src/task01/install/task01/share/ament_index
[0.575s] creating /workspace/src/task01/install/task01/share/ament_index/resource_index
[0.575s] creating /workspace/src/task01/install/task01/share/ament_index/resource_index/packages
[0.576s] copying resource/task01 -> /workspace/src/task01/install/task01/share/ament_index/resource_index/packages
[0.576s] copying package.xml -> /workspace/src/task01/install/task01/share/task01
[0.576s] creating /workspace/src/task01/install/task01/share/task01/launch
[0.576s] copying launch/task01.launch -> /workspace/src/task01/install/task01/share/task01/launch
[0.576s] running install_egg_info
[0.577s] Copying build/task01/task01.egg-info to /workspace/src/task01/install/task01/lib/python3.10/site-packages/task01-0.0.0-py3.10.egg-info
[0.578s] running install_scripts
[0.596s] Installing receiver script to /workspace/src/task01/install/task01/lib/task01
[0.596s] writing list of installed files to '/workspace/src/task01/build/task01/install.log'
[0.622s] Invoked command in '/workspace/src/task01' returned '0': PYTHONPATH=/workspace/src/task01/build/task01/prefix_override:/usr/lib/python3/dist-packages/colcon_core/task/python/colcon_distutils_commands:/workspace/src/task01/install/task01/lib/python3.10/site-packages:${PYTHONPATH} /usr/bin/python3 -W ignore:setup.py install is deprecated setup.py egg_info --egg-base build/task01 build --build-base /workspace/src/task01/build/task01/build install --record /workspace/src/task01/build/task01/install.log --single-version-externally-managed install_data
