running egg_info
writing build/task01/task01.egg-info/PKG-INFO
writing dependency_links to build/task01/task01.egg-info/dependency_links.txt
writing entry points to build/task01/task01.egg-info/entry_points.txt
writing requirements to build/task01/task01.egg-info/requires.txt
writing top-level names to build/task01/task01.egg-info/top_level.txt
reading manifest file 'build/task01/task01.egg-info/SOURCES.txt'
writing manifest file 'build/task01/task01.egg-info/SOURCES.txt'
running build
running build_py
running install
running install_lib
running install_data
copying package.xml -> /workspace/src/task01/install/task01/share/task01
running install_egg_info
removing '/workspace/src/task01/install/task01/lib/python3.10/site-packages/task01-0.0.0-py3.10.egg-info' (and everything under it)
Copying build/task01/task01.egg-info to /workspace/src/task01/install/task01/lib/python3.10/site-packages/task01-0.0.0-py3.10.egg-info
running install_scripts
Installing receiver script to /workspace/src/task01/install/task01/lib/task01
writing list of installed files to '/workspace/src/task01/build/task01/install.log'
