[0.438s] Invoking command in '/workspace/src/task01': PYTHONPATH=/workspace/src/task01/build/task01/prefix_override:/usr/lib/python3/dist-packages/colcon_core/task/python/colcon_distutils_commands:/workspace/src/task01/install/task01/lib/python3.10/site-packages:${PYTHONPATH} /usr/bin/python3 -W ignore:setup.py install is deprecated setup.py egg_info --egg-base build/task01 build --build-base /workspace/src/task01/build/task01/build install --record /workspace/src/task01/build/task01/install.log --single-version-externally-managed install_data
[0.583s] running egg_info
[0.584s] writing build/task01/task01.egg-info/PKG-INFO
[0.584s] writing dependency_links to build/task01/task01.egg-info/dependency_links.txt
[0.584s] writing entry points to build/task01/task01.egg-info/entry_points.txt
[0.585s] writing requirements to build/task01/task01.egg-info/requires.txt
[0.585s] writing top-level names to build/task01/task01.egg-info/top_level.txt
[0.586s] reading manifest file 'build/task01/task01.egg-info/SOURCES.txt'
[0.586s] writing manifest file 'build/task01/task01.egg-info/SOURCES.txt'
[0.587s] running build
[0.587s] running build_py
[0.587s] running install
[0.587s] running install_lib
[0.588s] running install_data
[0.588s] copying package.xml -> /workspace/src/task01/install/task01/share/task01
[0.588s] running install_egg_info
[0.590s] removing '/workspace/src/task01/install/task01/lib/python3.10/site-packages/task01-0.0.0-py3.10.egg-info' (and everything under it)
[0.591s] Copying build/task01/task01.egg-info to /workspace/src/task01/install/task01/lib/python3.10/site-packages/task01-0.0.0-py3.10.egg-info
[0.592s] running install_scripts
[0.607s] Installing receiver script to /workspace/src/task01/install/task01/lib/task01
[0.608s] writing list of installed files to '/workspace/src/task01/build/task01/install.log'
[0.633s] Invoked command in '/workspace/src/task01' returned '0': PYTHONPATH=/workspace/src/task01/build/task01/prefix_override:/usr/lib/python3/dist-packages/colcon_core/task/python/colcon_distutils_commands:/workspace/src/task01/install/task01/lib/python3.10/site-packages:${PYTHONPATH} /usr/bin/python3 -W ignore:setup.py install is deprecated setup.py egg_info --egg-base build/task01 build --build-base /workspace/src/task01/build/task01/build install --record /workspace/src/task01/build/task01/install.log --single-version-externally-managed install_data
