[0.746s] Invoking command in '/workspace/Practice02/src/task01': PYTHONPATH=/workspace/Practice02/build/task01/prefix_override:/usr/lib/python3/dist-packages/colcon_core/task/python/colcon_distutils_commands:/workspace/Practice02/install/task01/lib/python3.10/site-packages:${PYTHONPATH} /usr/bin/python3 -W ignore:setup.py install is deprecated setup.py egg_info --egg-base ../../build/task01 build --build-base /workspace/Practice02/build/task01/build install --record /workspace/Practice02/build/task01/install.log --single-version-externally-managed install_data
[0.998s] running egg_info
[0.998s] creating ../../build/task01/task01.egg-info
[0.998s] writing ../../build/task01/task01.egg-info/PKG-INFO
[0.999s] writing dependency_links to ../../build/task01/task01.egg-info/dependency_links.txt
[0.999s] writing entry points to ../../build/task01/task01.egg-info/entry_points.txt
[0.999s] writing requirements to ../../build/task01/task01.egg-info/requires.txt
[1.000s] writing top-level names to ../../build/task01/task01.egg-info/top_level.txt
[1.000s] writing manifest file '../../build/task01/task01.egg-info/SOURCES.txt'
[1.001s] reading manifest file '../../build/task01/task01.egg-info/SOURCES.txt'
[1.002s] writing manifest file '../../build/task01/task01.egg-info/SOURCES.txt'
[1.003s] running build
[1.003s] running build_py
[1.003s] creating /workspace/Practice02/build/task01/build
[1.003s] creating /workspace/Practice02/build/task01/build/lib
[1.004s] creating /workspace/Practice02/build/task01/build/lib/task01
[1.004s] copying task01/__init__.py -> /workspace/Practice02/build/task01/build/lib/task01
[1.004s] copying task01/receiver.py -> /workspace/Practice02/build/task01/build/lib/task01
[1.004s] running install
[1.004s] running install_lib
[1.005s] creating /workspace/Practice02/install/task01/lib/python3.10/site-packages/task01
[1.005s] copying /workspace/Practice02/build/task01/build/lib/task01/__init__.py -> /workspace/Practice02/install/task01/lib/python3.10/site-packages/task01
[1.005s] copying /workspace/Practice02/build/task01/build/lib/task01/receiver.py -> /workspace/Practice02/install/task01/lib/python3.10/site-packages/task01
[1.006s] byte-compiling /workspace/Practice02/install/task01/lib/python3.10/site-packages/task01/__init__.py to __init__.cpython-310.pyc
[1.006s] byte-compiling /workspace/Practice02/install/task01/lib/python3.10/site-packages/task01/receiver.py to receiver.cpython-310.pyc
[1.007s] running install_data
[1.007s] creating /workspace/Practice02/install/task01/share/ament_index
[1.007s] creating /workspace/Practice02/install/task01/share/ament_index/resource_index
[1.008s] creating /workspace/Practice02/install/task01/share/ament_index/resource_index/packages
[1.008s] copying resource/task01 -> /workspace/Practice02/install/task01/share/ament_index/resource_index/packages
[1.008s] copying package.xml -> /workspace/Practice02/install/task01/share/task01
[1.008s] creating /workspace/Practice02/install/task01/share/task01/launch
[1.008s] copying launch/task01.launch -> /workspace/Practice02/install/task01/share/task01/launch
[1.008s] running install_egg_info
[1.012s] Copying ../../build/task01/task01.egg-info to /workspace/Practice02/install/task01/lib/python3.10/site-packages/task01-0.0.0-py3.10.egg-info
[1.013s] running install_scripts
[1.041s] Installing receiver script to /workspace/Practice02/install/task01/lib/task01
[1.041s] writing list of installed files to '/workspace/Practice02/build/task01/install.log'
[1.092s] Invoked command in '/workspace/Practice02/src/task01' returned '0': PYTHONPATH=/workspace/Practice02/build/task01/prefix_override:/usr/lib/python3/dist-packages/colcon_core/task/python/colcon_distutils_commands:/workspace/Practice02/install/task01/lib/python3.10/site-packages:${PYTHONPATH} /usr/bin/python3 -W ignore:setup.py install is deprecated setup.py egg_info --egg-base ../../build/task01 build --build-base /workspace/Practice02/build/task01/build install --record /workspace/Practice02/build/task01/install.log --single-version-externally-managed install_data
